<?xml version="1.0" encoding="UTF-8"?>
<robot generator="Robot 3.2.2 (Python 3.6.2 on linux)" generated="20210113 06:36:11.908" rpa="false">
<suite id="s1" name="File4 If" source="/home/syed/robot_practice/file4_if.robot">
<test id="s1-t1" name="mytest">
<kw name="Set Variable" library="BuiltIn">
<doc>Returns the given values which can then be assigned to a variables.</doc>
<arguments>
<arg>Red</arg>
</arguments>
<assign>
<var>${color}</var>
</assign>
<msg timestamp="20210113 06:36:11.938" level="INFO">${color} = Red</msg>
<status status="PASS" starttime="20210113 06:36:11.937" endtime="20210113 06:36:11.938"></status>
</kw>
<kw name="Run Keyword If" library="BuiltIn">
<doc>Runs the given keyword with the given arguments, if ``condition`` is true.</doc>
<arguments>
<arg>'${color}' == 'Red'</arg>
<arg>log to console</arg>
<arg>\nexecuted with single condition</arg>
</arguments>
<kw name="Log To Console" library="BuiltIn">
<doc>Logs the given message to the console.</doc>
<arguments>
<arg>\nexecuted with single condition</arg>
</arguments>
<status status="PASS" starttime="20210113 06:36:11.939" endtime="20210113 06:36:11.939"></status>
</kw>
<status status="PASS" starttime="20210113 06:36:11.938" endtime="20210113 06:36:11.939"></status>
</kw>
<kw name="Run Keyword If" library="BuiltIn">
<doc>Runs the given keyword with the given arguments, if ``condition`` is true.</doc>
<arguments>
<arg>'${color}' == 'Red' or '${color}' == 'Blue' or '${color}' == 'Pink'</arg>
<arg>log to console</arg>
<arg>\nexecuted with multiple or</arg>
</arguments>
<kw name="Log To Console" library="BuiltIn">
<doc>Logs the given message to the console.</doc>
<arguments>
<arg>\nexecuted with multiple or</arg>
</arguments>
<status status="PASS" starttime="20210113 06:36:11.939" endtime="20210113 06:36:11.940"></status>
</kw>
<status status="PASS" starttime="20210113 06:36:11.939" endtime="20210113 06:36:11.940"></status>
</kw>
<kw name="Set Variable" library="BuiltIn">
<doc>Returns the given values which can then be assigned to a variables.</doc>
<arguments>
<arg>Blue</arg>
</arguments>
<assign>
<var>${color}</var>
</assign>
<msg timestamp="20210113 06:36:11.940" level="INFO">${color} = Blue</msg>
<status status="PASS" starttime="20210113 06:36:11.940" endtime="20210113 06:36:11.940"></status>
</kw>
<kw name="Set Variable" library="BuiltIn">
<doc>Returns the given values which can then be assigned to a variables.</doc>
<arguments>
<arg>Small</arg>
</arguments>
<assign>
<var>${Size}</var>
</assign>
<msg timestamp="20210113 06:36:11.941" level="INFO">${Size} = Small</msg>
<status status="PASS" starttime="20210113 06:36:11.940" endtime="20210113 06:36:11.941"></status>
</kw>
<kw name="Set Variable" library="BuiltIn">
<doc>Returns the given values which can then be assigned to a variables.</doc>
<arguments>
<arg>Simple</arg>
</arguments>
<assign>
<var>${Simple}</var>
</assign>
<msg timestamp="20210113 06:36:11.941" level="INFO">${Simple} = Simple</msg>
<status status="PASS" starttime="20210113 06:36:11.941" endtime="20210113 06:36:11.941"></status>
</kw>
<kw name="Set Variable" library="BuiltIn">
<doc>Returns the given values which can then be assigned to a variables.</doc>
<arguments>
<arg>Simple</arg>
</arguments>
<assign>
<var>${Design}</var>
</assign>
<msg timestamp="20210113 06:36:11.942" level="INFO">${Design} = Simple</msg>
<status status="PASS" starttime="20210113 06:36:11.941" endtime="20210113 06:36:11.942"></status>
</kw>
<kw name="Run Keyword If" library="BuiltIn">
<doc>Runs the given keyword with the given arguments, if ``condition`` is true.</doc>
<arguments>
<arg>'${color}' == 'Blue' and '${Size}' == 'Small' and '${Design}' != '${Simple}'</arg>
<arg>log to console</arg>
<arg>\nexecuted with multiple and</arg>
</arguments>
<status status="PASS" starttime="20210113 06:36:11.942" endtime="20210113 06:36:11.944"></status>
</kw>
<kw name="Set Variable" library="BuiltIn">
<doc>Returns the given values which can then be assigned to a variables.</doc>
<arguments>
<arg>XL</arg>
</arguments>
<assign>
<var>${Size}</var>
</assign>
<msg timestamp="20210113 06:36:11.945" level="INFO">${Size} = XL</msg>
<status status="PASS" starttime="20210113 06:36:11.944" endtime="20210113 06:36:11.945"></status>
</kw>
<kw name="Set Variable" library="BuiltIn">
<doc>Returns the given values which can then be assigned to a variables.</doc>
<arguments>
<arg>Complicated</arg>
</arguments>
<assign>
<var>${Design}</var>
</assign>
<msg timestamp="20210113 06:36:11.946" level="INFO">${Design} = Complicated</msg>
<status status="PASS" starttime="20210113 06:36:11.945" endtime="20210113 06:36:11.946"></status>
</kw>
<kw name="Run Keyword Unless" library="BuiltIn">
<doc>Runs the given keyword with the given arguments if ``condition`` is false.</doc>
<arguments>
<arg>'${color}' == 'Black' or '${Size}' == 'Small' or '${Design}' == 'Simple'</arg>
<arg>log to console</arg>
<arg>\nexecuted with unless and multiple or</arg>
</arguments>
<kw name="Log To Console" library="BuiltIn">
<doc>Logs the given message to the console.</doc>
<arguments>
<arg>\nexecuted with unless and multiple or</arg>
</arguments>
<status status="PASS" starttime="20210113 06:36:11.952" endtime="20210113 06:36:11.953"></status>
</kw>
<status status="PASS" starttime="20210113 06:36:11.946" endtime="20210113 06:36:11.953"></status>
</kw>
<status status="PASS" starttime="20210113 06:36:11.937" endtime="20210113 06:36:11.954" critical="yes"></status>
</test>
<doc>This example demonstrates executing if statemnt</doc>
<status status="PASS" starttime="20210113 06:36:11.911" endtime="20210113 06:36:11.955"></status>
</suite>
<statistics>
<total>
<stat pass="1" fail="0">Critical Tests</stat>
<stat pass="1" fail="0">All Tests</stat>
</total>
<tag>
</tag>
<suite>
<stat pass="1" fail="0" id="s1" name="File4 If">File4 If</stat>
</suite>
</statistics>
<errors>
</errors>
</robot>
