<?xml version="1.0" encoding="UTF-8"?>
<robot generator="Robot 3.2.2 (Python 3.6.2 on linux)" generated="20210118 16:22:06.092" rpa="false">
<suite id="s1" name="Delete Req Tc4" source="/home/syed/robot_practice/robot_api/delete_req_tc4.robot">
<test id="s1-t1" name="Put_User_Details">
<kw name="Create Session" library="RequestsLibrary">
<doc>Create Session: create a HTTP session to a server</doc>
<arguments>
<arg>mysession</arg>
<arg>${base_url}</arg>
</arguments>
<msg timestamp="20210118 16:22:06.197" level="INFO">Creating Session using : alias=mysession, url=https://gorest.co.in/public-api/users, headers={},                     cookies={}, auth=None, timeout=None, proxies=None, verify=False,                     debug=0 </msg>
<status status="PASS" starttime="20210118 16:22:06.196" endtime="20210118 16:22:06.197"></status>
</kw>
<kw name="Create Dictionary" library="BuiltIn">
<doc>Creates and returns a dictionary based on the given ``items``.</doc>
<arguments>
<arg>id=30</arg>
<arg>name=Saheb</arg>
<arg>email=syed_man14@gmaill.io</arg>
<arg>gender=Female</arg>
<arg>status=Active</arg>
<arg>created_at=2021-01-14T03:50:03.564+05:30</arg>
<arg>updated_at=2021-01-14T03:50:03.564+05:30</arg>
</arguments>
<assign>
<var>${body}</var>
</assign>
<msg timestamp="20210118 16:22:06.199" level="INFO">${body} = {'id': '30', 'name': 'Saheb', 'email': 'syed_man14@gmaill.io', 'gender': 'Female', 'status': 'Active', 'created_at': '2021-01-14T03:50:03.564+05:30', 'updated_at': '2021-01-14T03:50:03.564+05:30'}</msg>
<status status="PASS" starttime="20210118 16:22:06.197" endtime="20210118 16:22:06.199"></status>
</kw>
<kw name="Create Dictionary" library="BuiltIn">
<doc>Creates and returns a dictionary based on the given ``items``.</doc>
<arguments>
<arg>Authorization=${bearerToken}</arg>
<arg>Content-Type=application/json</arg>
</arguments>
<assign>
<var>${headers}</var>
</assign>
<msg timestamp="20210118 16:22:06.200" level="INFO">${headers} = {'Authorization': 'Bearer bba09dfca9d3e2a1944c916bd04efaf29f033e8b862c9e26145251b2ad909fb7', 'Content-Type': 'application/json'}</msg>
<status status="PASS" starttime="20210118 16:22:06.199" endtime="20210118 16:22:06.200"></status>
</kw>
<kw name="Delete Request" library="RequestsLibrary">
<doc>*DEPRECATED* Please use `DELETE On Session` instead.</doc>
<arguments>
<arg>mysession</arg>
<arg>/1390</arg>
<arg>data=${body}</arg>
<arg>headers=${headers}</arg>
</arguments>
<assign>
<var>${response}</var>
</assign>
<msg timestamp="20210118 16:22:06.200" level="WARN">Keyword 'RequestsLibrary.Delete Request' is deprecated. Please use `DELETE On Session` instead.</msg>
<msg timestamp="20210118 16:22:20.502" level="INFO">DELETE Request : url=https://gorest.co.in/public-api/users/1390 
 path_url=/public-api/users/1390 
 headers={'User-Agent': 'python-requests/2.25.1', 'Accept-Encoding': 'gzip, deflate', 'Accept': '*/*', 'Connection': 'keep-alive', 'Authorization': 'Bearer bba09dfca9d3e2a1944c916bd04efaf29f033e8b862c9e26145251b2ad909fb7', 'Content-Type': 'application/json', 'Content-Length': '196'} 
 body={"id": "30", "name": "Saheb", "email": "syed_man14@gmaill.io", "gender": "Female", "status": "Active", "created_at": "2021-01-14T03:50:03.564+05:30", "updated_at": "2021-01-14T03:50:03.564+05:30"} 
 </msg>
<msg timestamp="20210118 16:22:20.502" level="INFO">DELETE Response : url=https://gorest.co.in/public-api/users/1390 
 status=200, reason=OK 
 headers={'Server': 'nginx', 'Date': 'Mon, 18 Jan 2021 10:52:22 GMT', 'Content-Type': 'application/json; charset=utf-8', 'Transfer-Encoding': 'chunked', 'Connection': 'keep-alive', 'Vary': 'Accept-Encoding, Origin', 'X-Frame-Options': 'SAMEORIGIN, sameorigin', 'X-XSS-Protection': '1; mode=block', 'X-Content-Type-Options': 'nosniff', 'X-Download-Options': 'noopen', 'X-Permitted-Cross-Domain-Policies': 'none', 'Referrer-Policy': 'strict-origin-when-cross-origin', 'ETag': 'W/"9132bec7c413b5b015be1efe1c6efe72"', 'Cache-Control': 'max-age=0, private, must-revalidate', 'X-Request-Id': 'da89dc10-3e0d-4a47-a9fc-4eeb828c6baf', 'X-Runtime': '0.017895', 'Strict-Transport-Security': 'max-age=31536000; includeSubDomains', 'Expect-CT': 'enforce; max-age=3600', 'Content-Encoding': 'gzip'} 
 body={"code":204,"meta":null,"data":null} 
 </msg>
<msg timestamp="20210118 16:22:20.502" level="INFO">/opt/python3/lib/python3.6/site-packages/urllib3/connectionpool.py:1020: InsecureRequestWarning: Unverified HTTPS request is being made to host 'gorest.co.in'. Adding certificate verification is strongly advised. See: https://urllib3.readthedocs.io/en/latest/advanced-usage.html#ssl-warnings
  InsecureRequestWarning,</msg>
<msg timestamp="20210118 16:22:20.502" level="INFO">${response} = &lt;Response [200]&gt;</msg>
<status status="PASS" starttime="20210118 16:22:06.200" endtime="20210118 16:22:20.502"></status>
</kw>
<kw name="Log To Console" library="BuiltIn">
<doc>Logs the given message to the console.</doc>
<arguments>
<arg>${response.status_code}</arg>
</arguments>
<status status="PASS" starttime="20210118 16:22:20.503" endtime="20210118 16:22:20.504"></status>
</kw>
<kw name="Log To Console" library="BuiltIn">
<doc>Logs the given message to the console.</doc>
<arguments>
<arg>${response.content}</arg>
</arguments>
<status status="PASS" starttime="20210118 16:22:20.504" endtime="20210118 16:22:20.504"></status>
</kw>
<kw name="Convert To String" library="BuiltIn">
<doc>Converts the given item to a Unicode string.</doc>
<arguments>
<arg>${response.status_code}</arg>
</arguments>
<assign>
<var>${status_code}</var>
</assign>
<msg timestamp="20210118 16:22:20.506" level="INFO">${status_code} = 200</msg>
<status status="PASS" starttime="20210118 16:22:20.505" endtime="20210118 16:22:20.506"></status>
</kw>
<kw name="Should Be Equal" library="BuiltIn">
<doc>Fails if the given objects are unequal.</doc>
<arguments>
<arg>${status_code}</arg>
<arg>200</arg>
</arguments>
<status status="PASS" starttime="20210118 16:22:20.506" endtime="20210118 16:22:20.506"></status>
</kw>
<kw name="Convert To String" library="BuiltIn">
<doc>Converts the given item to a Unicode string.</doc>
<arguments>
<arg>${response.content}</arg>
</arguments>
<assign>
<var>${body}</var>
</assign>
<msg timestamp="20210118 16:22:20.507" level="INFO">${body} = {"code":204,"meta":null,"data":null}</msg>
<status status="PASS" starttime="20210118 16:22:20.507" endtime="20210118 16:22:20.508"></status>
</kw>
<kw name="Should Contain" library="BuiltIn">
<doc>Fails if ``container`` does not contain ``item`` one or more times.</doc>
<arguments>
<arg>${body}</arg>
<arg>204</arg>
</arguments>
<status status="PASS" starttime="20210118 16:22:20.508" endtime="20210118 16:22:20.508"></status>
</kw>
<status status="PASS" starttime="20210118 16:22:06.196" endtime="20210118 16:22:20.508" critical="yes"></status>
</test>
<status status="PASS" starttime="20210118 16:22:06.094" endtime="20210118 16:22:20.509"></status>
</suite>
<statistics>
<total>
<stat pass="1" fail="0">Critical Tests</stat>
<stat pass="1" fail="0">All Tests</stat>
</total>
<tag>
</tag>
<suite>
<stat pass="1" fail="0" id="s1" name="Delete Req Tc4">Delete Req Tc4</stat>
</suite>
</statistics>
<errors>
<msg timestamp="20210118 16:22:06.200" level="WARN">Keyword 'RequestsLibrary.Delete Request' is deprecated. Please use `DELETE On Session` instead.</msg>
</errors>
</robot>
